              :-) GROMACS - gmx grompp, 2020.1-Ubuntu-2020.1-1 (-:

                            GROMACS is written by:
     Emile Apol      Rossen Apostolov      Paul Bauer     Herman J.C. Berendsen
    Par Bjelkmar      Christian Blau   Viacheslav Bolnykh     Kevin Boyd    
 Aldert van Buuren   Rudi van Drunen     Anton Feenstra       Alan Gray     
  Gerrit Groenhof     Anca Hamuraru    Vincent Hindriksen  M. Eric Irrgang  
  Aleksei Iupinov   Christoph Junghans     Joe Jordan     Dimitrios Karkoulis
    Peter Kasson        Jiri Kraus      Carsten Kutzner      Per Larsson    
  Justin A. Lemkul    Viveca Lindahl    Magnus Lundborg     Erik Marklund   
    Pascal Merz     Pieter Meulenhoff    Teemu Murtola       Szilard Pall   
    Sander Pronk      Roland Schulz      Michael Shirts    Alexey Shvetsov  
   Alfons Sijbers     Peter Tieleman      Jon Vincent      Teemu Virolainen 
 Christian Wennberg    Maarten Wolf      Artem Zhmurov   
                           and the project leaders:
        Mark Abraham, Berk Hess, Erik Lindahl, and David van der Spoel

Copyright (c) 1991-2000, University of Groningen, The Netherlands.
Copyright (c) 2001-2019, The GROMACS development team at
Uppsala University, Stockholm University and
the Royal Institute of Technology, Sweden.
check out http://www.gromacs.org for more information.

GROMACS is free software; you can redistribute it and/or modify it
under the terms of the GNU Lesser General Public License
as published by the Free Software Foundation; either version 2.1
of the License, or (at your option) any later version.

GROMACS:      gmx grompp, version 2020.1-Ubuntu-2020.1-1
Executable:   /usr/bin/gmx
Data prefix:  /usr
Working dir:  /home/imitxelena003/Programs/Adaptive_sampling/AdaptiveMasterMSM/examples/alanine_dipeptide
Command line:
  gmx grompp -f Production_parameters.mdp -c start.gro -p topol.top -maxwarn 1

Ignoring obsolete mdp entry 'optimize_fft'
Ignoring obsolete mdp entry 'ns_type'
Replacing old mdp entry 'nstxtcout' by 'nstxout-compressed'
Replacing old mdp entry 'xtc_grps' by 'compressed-x-grps'

NOTE 1 [file Production_parameters.mdp]:
  Replacing vdwtype=Shift by the equivalent combination of vdwtype=Cut-off
  and vdw_modifier=Force-switch


NOTE 2 [file Production_parameters.mdp]:
  With Verlet lists the optimal nstlist is >= 10, with GPUs >= 20. Note
  that with the Verlet scheme, nstlist has no effect on the accuracy of
  your simulation.


NOTE 3 [file Production_parameters.mdp]:
  leapfrog does not yet support Nose-Hoover chains, nhchainlength reset to 1


NOTE 4 [file Production_parameters.mdp]:
  You are applying a switch function to vdw forces or potentials from 0 to
  0.1 nm, which is more than half the interaction range, whereas switch
  functions are intended to act only close to the cut-off.

Setting the LD random seed to 39842246
Generated 2145 of the 2145 non-bonded parameter combinations
Generating 1-4 interactions: fudge = 0.5
Generated 2145 of the 2145 1-4 parameter combinations
Excluding 3 bonded neighbours molecule type 'Protein'
Warning: atom name 1 in topol.top and start.gro does not match (HH31 - CH3)
Warning: atom name 2 in topol.top and start.gro does not match (CH3 - HH31)

WARNING 1 [file topol.top, line 213]:
  2 non-matching atom names
  atom names from topol.top will be used
  atom names from start.gro will be ignored


Setting gen_seed to 1989953460
Velocities were taken from a Maxwell distribution at 300 K
Number of degrees of freedom in T-Coupling group System is 44.00
Estimate for the relative computational load of the PME mesh part: 0.55

NOTE 5 [file Production_parameters.mdp]:
  The optimal PME mesh load for parallel simulations is below 0.5
  and for highly parallel simulations between 0.25 and 0.33,
  for higher performance, increase the cut-off and the PME grid spacing.



There were 5 notes

There was 1 warning

GROMACS reminds you: "Take away paradox from the thinker and you have a professor." (Soren Kirkegaard)

turning H bonds into constraints...
Analysing residue names:
There are:     3    Protein residues
Analysing Protein...
Determining Verlet buffer for a tolerance of 0.005 kJ/mol/ps at 300 K
Calculated rlist for 1x1 atom pair-list as 0.100 nm, buffer size 0.000 nm
Set rlist, assuming 4x4 atom pair-list, to 0.100 nm, buffer size 0.000 nm
Note that mdrun will redetermine rlist based on the actual pair-list setup
Calculating fourier grid dimensions for X Y Z
Using a fourier grid of 10x6x6, spacing 0.069 0.066 0.065
This run will generate roughly 0 Mb of data
              :-) GROMACS - gmx mdrun, 2020.1-Ubuntu-2020.1-1 (-:

                            GROMACS is written by:
     Emile Apol      Rossen Apostolov      Paul Bauer     Herman J.C. Berendsen
    Par Bjelkmar      Christian Blau   Viacheslav Bolnykh     Kevin Boyd    
 Aldert van Buuren   Rudi van Drunen     Anton Feenstra       Alan Gray     
  Gerrit Groenhof     Anca Hamuraru    Vincent Hindriksen  M. Eric Irrgang  
  Aleksei Iupinov   Christoph Junghans     Joe Jordan     Dimitrios Karkoulis
    Peter Kasson        Jiri Kraus      Carsten Kutzner      Per Larsson    
  Justin A. Lemkul    Viveca Lindahl    Magnus Lundborg     Erik Marklund   
    Pascal Merz     Pieter Meulenhoff    Teemu Murtola       Szilard Pall   
    Sander Pronk      Roland Schulz      Michael Shirts    Alexey Shvetsov  
   Alfons Sijbers     Peter Tieleman      Jon Vincent      Teemu Virolainen 
 Christian Wennberg    Maarten Wolf      Artem Zhmurov   
                           and the project leaders:
        Mark Abraham, Berk Hess, Erik Lindahl, and David van der Spoel

Copyright (c) 1991-2000, University of Groningen, The Netherlands.
Copyright (c) 2001-2019, The GROMACS development team at
Uppsala University, Stockholm University and
the Royal Institute of Technology, Sweden.
check out http://www.gromacs.org for more information.

GROMACS is free software; you can redistribute it and/or modify it
under the terms of the GNU Lesser General Public License
as published by the Free Software Foundation; either version 2.1
of the License, or (at your option) any later version.

GROMACS:      gmx mdrun, version 2020.1-Ubuntu-2020.1-1
Executable:   /usr/bin/gmx
Data prefix:  /usr
Working dir:  /home/imitxelena003/Programs/Adaptive_sampling/AdaptiveMasterMSM/examples/alanine_dipeptide
Command line:
  gmx mdrun -nt 4 -s topol.tpr -x wetfn -c end.gro -g prod.log

Compiled SIMD: SSE2, but for this host/run AVX2_256 might be better (see log).
The current CPU can measure timings more accurately than the code in
gmx mdrun was configured to use. This might affect your simulation
speed as accurate timings are needed for load-balancing.
Please consider rebuilding gmx mdrun with the GMX_USE_RDTSCP=ON CMake option.
Reading file topol.tpr, VERSION 2020.1-Ubuntu-2020.1-1 (single precision)

NOTE: Parallelization is limited by the small number of atoms,
      only starting 1 thread-MPI ranks.
      You can use the -nt and/or -ntmpi option to optimize the number of threads.


Using 1 MPI thread

Non-default thread affinity set, disabling internal thread affinity

Using 4 OpenMP threads 

starting mdrun 'Green Red Orange Magenta Azure Cyan Skyblue'
500 steps,      1.0 ps.

Step 0, time 0 (ps)  LINCS WARNING
relative constraint deviation after LINCS:
rms 208.136841, max 428.308624 (between atoms 1 and 2)
bonds that rotated more than 30 degrees:
 atom 1 atom 2  angle  previous, current, constraint length
      1      2  123.9    0.1090  46.7946      0.1090
      2      3  110.3    0.1090  38.4044      0.1090
      2      4  110.6    0.1090  38.7605      0.1090
      2      4  110.6    0.1090  38.7605      0.1090
      7      8   70.4    0.1010   0.1010      0.1010
     11     12  105.8    0.1090   2.5499      0.1090
     11     13   77.2    0.1090   0.1117      0.1090
     17     18   43.4    0.1010   0.6583      0.1010
     17     19   55.9    0.1010   0.8298      0.1010
     17     19   55.9    0.1010   0.8298      0.1010
     17     19   55.9    0.1010   0.8298      0.1010
Wrote pdb files with previous and current coordinates

Step 1, time 0.002 (ps)  LINCS WARNING
relative constraint deviation after LINCS:
rms 207.293320, max 427.599701 (between atoms 1 and 2)
bonds that rotated more than 30 degrees:
 atom 1 atom 2  angle  previous, current, constraint length
      1      2  145.8    0.1854  46.7174      0.1090
      2      3  111.6    0.3151  38.0817      0.1090
      2      4   89.5    0.1843  38.6242      0.1090
      2      4   89.5    0.1843  38.6242      0.1090
      7      8   64.1    0.1010   0.1010      0.1010
      9     10   66.4    0.1090   0.1090      0.1090
     11     12  115.0    0.1830   2.6508      0.1090
     11     13   90.0    0.1117   0.1820      0.1090
     11     14   91.4    0.1101   0.8438      0.1090
     11     14   91.4    0.1101   0.8438      0.1090
     11     14   91.4    0.1101   0.8438      0.1090
     11     14   91.4    0.1101   0.8438      0.1090
     17     18   44.9    0.1958   0.6263      0.1010
     17     19  143.3    0.1782   0.6159      0.1010
     17     19  143.3    0.1782   0.6159      0.1010
     17     19  143.3    0.1782   0.6159      0.1010
Wrote pdb files with previous and current coordinates

Step 2, time 0.004 (ps)  LINCS WARNING
relative constraint deviation after LINCS:
rms 207.290009, max 428.650482 (between atoms 1 and 2)
bonds that rotated more than 30 degrees:
 atom 1 atom 2  angle  previous, current, constraint length
      1      2  124.3    0.1365  46.8319      0.1090
      2      3  104.7    0.1635  38.0294      0.1090
      2      4  126.5    0.1280  38.5217      0.1090
      2      4  126.5    0.1280  38.5217      0.1090
      7      8   64.0    0.1010   0.1010      0.1010
      9     10   66.3    0.1090   0.1090      0.1090
     11     12   59.7    0.2666   2.7868      0.1090
     11     13   76.2    0.1820   0.1069      0.1090
     11     14  105.5    0.1635   0.7937      0.1090
     11     14  105.5    0.1635   0.7937      0.1090
     11     14  105.5    0.1635   0.7937      0.1090
     11     14  105.5    0.1635   0.7937      0.1090
     17     18   83.6    0.2500   0.6684      0.1010
     17     19   54.5    0.1191   0.8357      0.1010
     17     19   54.5    0.1191   0.8357      0.1010
     17     19   54.5    0.1191   0.8357      0.1010
Wrote pdb files with previous and current coordinates

Step 3, time 0.006 (ps)  LINCS WARNING
relative constraint deviation after LINCS:
rms 207.903320, max 428.057922 (between atoms 1 and 2)
bonds that rotated more than 30 degrees:
 atom 1 atom 2  angle  previous, current, constraint length
      1      2  144.5    0.1543  46.7673      0.1090
      2      3  106.8    0.3071  38.2263      0.1090
      2      4   81.9    0.1864  38.2094      0.1090
      2      4   81.9    0.1864  38.2094      0.1090
      7      8   64.2    0.1010   0.1010      0.1010
      9     10   90.0    0.1090   0.1345      0.1090
     11     12  113.5    0.1034   7.3143      0.1090
     11     13   90.0    0.1069   0.2340      0.1090
     11     14   89.6    0.1253   1.2527      0.1090
     11     14   89.6    0.1253   1.2527      0.1090
     11     14   89.6    0.1253   1.2527      0.1090
     11     14   89.6    0.1253   1.2527      0.1090
     17     19  143.9    0.1852   0.6118      0.1010
     17     19  143.9    0.1852   0.6118      0.1010
     17     19  143.9    0.1852   0.6118      0.1010
Wrote pdb files with previous and current coordinates

Step 4, time 0.008 (ps)  LINCS WARNING
relative constraint deviation after LINCS:
rms 208.213394, max 429.459747 (between atoms 1 and 2)
bonds that rotated more than 30 degrees:
 atom 1 atom 2  angle  previous, current, constraint length
      1      2   55.8    0.1104  46.9201      0.1090
      2      3  110.9    0.1128  38.3377      0.1090
      2      4  104.4    0.1619  38.1072      0.1090
      2      4  104.4    0.1619  38.1072      0.1090
      7      8   64.1    0.1010   0.1010      0.1010
      9     10   90.0    0.1345   0.1090      0.1090
     11     12  122.2    0.1426   7.2083      0.1090
     11     13  162.8    0.2340   1.2826      0.1090
     11     14  108.1    0.1986   1.1737      0.1090
     11     14  108.1    0.1986   1.1737      0.1090
     11     14  108.1    0.1986   1.1737      0.1090
     11     14  108.1    0.1986   1.1737      0.1090
     17     18   84.1    0.2281   0.6673      0.1010
     17     19   79.3    0.1321   0.9718      0.1010
     17     19   79.3    0.1321   0.9718      0.1010
     17     19   79.3    0.1321   0.9718      0.1010
Wrote pdb files with previous and current coordinates

Step 5, time 0.01 (ps)  LINCS WARNING
relative constraint deviation after LINCS:
rms 606.820068, max 1774.583862 (between atoms 11 and 13)
bonds that rotated more than 30 degrees:
 atom 1 atom 2  angle  previous, current, constraint length
      1      2  138.5    0.1120  62.2433      0.1090
      2      3  131.7    0.2049  30.1253      0.1090
      2      4   57.0    0.1958  36.8867      0.1090
      2      4   57.0    0.1958  36.8867      0.1090
      7      8   64.2    0.1010   0.1010      0.1010
      9     10   90.0    0.1090   0.1135      0.1090
     11     12  105.7    0.1082  13.9790      0.1090
     11     13  122.5    0.1146 193.5386      0.1090
     11     14   89.5    0.1261   4.9995      0.1090
     11     14   89.5    0.1261   4.9995      0.1090
     11     14   89.5    0.1261   4.9995      0.1090
     11     14   89.5    0.1261   4.9995      0.1090
     17     18   33.5    0.1311   1.4835      0.1010
     17     19  139.3    0.1839   1.3054      0.1010
     17     19  139.3    0.1839   1.3054      0.1010
     17     19  139.3    0.1839   1.3054      0.1010
Wrote pdb files with previous and current coordinates

Step 6, time 0.012 (ps)  LINCS WARNING
relative constraint deviation after LINCS:
rms 607.989685, max 1777.940063 (between atoms 11 and 13)
bonds that rotated more than 30 degrees:
 atom 1 atom 2  angle  previous, current, constraint length
      1      2   48.6    0.1273  62.4514      0.1090
      2      3   98.0    0.2366  30.2300      0.1090
      2      4   72.9    0.1125  36.7717      0.1090
      2      4   72.9    0.1125  36.7717      0.1090
      7      8   90.0    0.1010   0.1172      0.1010
      9     10   90.0    0.1135   0.1131      0.1090
     11     12   71.1    0.2549  14.0737      0.1090
     11     13   34.0    0.3086 193.9045      0.1090
     11     14   64.7    0.2920   5.0503      0.1090
     11     14   64.7    0.2920   5.0503      0.1090
     11     14   64.7    0.2920   5.0503      0.1090
     11     14   64.7    0.2920   5.0503      0.1090
     17     18  168.2    0.1000   1.3457      0.1010
     17     19   68.7    0.2568   1.5296      0.1010
     17     19   68.7    0.2568   1.5296      0.1010
     17     19   68.7    0.2568   1.5296      0.1010
Wrote pdb files with previous and current coordinates

Step 7, time 0.014 (ps)  LINCS WARNING
relative constraint deviation after LINCS:
rms 597.565613, max 1733.541016 (between atoms 11 and 13)
bonds that rotated more than 30 degrees:
 atom 1 atom 2  angle  previous, current, constraint length
      1      2  125.7    0.1661  65.2661      0.1090
      2      3  167.7    0.1418  30.1265      0.1090
      7      8   86.2    0.1172   0.1010      0.1010
      9     10   90.0    0.1131   0.1091      0.1090
     11     12   96.8    0.1170  14.0455      0.1090
     11     13  171.6    0.1118 189.0650      0.1090
     11     14   68.9    0.1947   4.9983      0.1090
     11     14   68.9    0.1947   4.9983      0.1090
     11     14   68.9    0.1947   4.9983      0.1090
     11     14   68.9    0.1947   4.9983      0.1090
     17     18   63.8    0.0976   1.4877      0.1010
     17     19  130.5    0.2176   1.3054      0.1010
     17     19  130.5    0.2176   1.3054      0.1010
     17     19  130.5    0.2176   1.3054      0.1010
Wrote pdb files with previous and current coordinates

Step 8, time 0.016 (ps)  LINCS WARNING
relative constraint deviation after LINCS:
rms 597.842834, max 1732.198486 (between atoms 11 and 13)
bonds that rotated more than 30 degrees:
 atom 1 atom 2  angle  previous, current, constraint length
      1      2   62.1    0.2153  66.0061      0.1090
      2      3   97.5    0.2539  30.1404      0.1090
      2      4   74.3    0.1353  36.8055      0.1090
      2      4   74.3    0.1353  36.8055      0.1090
      7      8   90.0    0.1010   0.1235      0.1010
      9     10   90.0    0.1091   0.1117      0.1090
     11     12   84.1    0.2573  14.1446      0.1090
     11     13   86.5    0.2510 188.9186      0.1090
     11     14   66.3    0.2940   4.9434      0.1090
     11     14   66.3    0.2940   4.9434      0.1090
     11     14   66.3    0.2940   4.9434      0.1090
     11     14   66.3    0.2940   4.9434      0.1090
     17     18  173.3    0.1023   1.3509      0.1010
     17     19   68.7    0.2570   1.5324      0.1010
     17     19   68.7    0.2570   1.5324      0.1010
     17     19   68.7    0.2570   1.5324      0.1010
Wrote pdb files with previous and current coordinates

Step 9, time 0.018 (ps)  LINCS WARNING
relative constraint deviation after LINCS:
rms 595.836975, max 1724.395752 (between atoms 11 and 13)
bonds that rotated more than 30 degrees:
 atom 1 atom 2  angle  previous, current, constraint length
      1      2   87.3    0.2141  65.9063      0.1090
      2      3  106.7    0.2287  29.7450      0.1090
      2      4  112.7    0.2444  37.5305      0.1090
      2      4  112.7    0.2444  37.5305      0.1090
      7      8   86.4    0.1235   0.1010      0.1010
      9     10   78.0    0.1117   0.1090      0.1090
     11     12   74.2    0.3082  14.7592      0.1090
     11     14   47.2    0.2359   5.1076      0.1090
     11     14   47.2    0.2359   5.1076      0.1090
     11     14   47.2    0.2359   5.1076      0.1090
     11     14   47.2    0.2359   5.1076      0.1090
     17     18   67.1    0.0972   1.4877      0.1010
     17     19  127.3    0.2339   1.3056      0.1010
     17     19  127.3    0.2339   1.3056      0.1010
     17     19  127.3    0.2339   1.3056      0.1010
Wrote pdb files with previous and current coordinates

Step 10, time 0.02 (ps)  LINCS WARNING
relative constraint deviation after LINCS:
rms 583.510315, max 1681.093750 (between atoms 11 and 13)
bonds that rotated more than 30 degrees:
 atom 1 atom 2  angle  previous, current, constraint length
      1      2   66.5    0.2121  66.0580      0.1090
      2      3   83.2    0.1746  30.1309      0.1090
      2      4  104.8    0.1972  37.3719      0.1090
      2      4  104.8    0.1972  37.3719      0.1090
      7      8   90.0    0.1010   0.1256      0.1010
      9     10   80.6    0.1090   0.1090      0.1090
     11     12  123.1    0.2021  14.5866      0.1090
     11     13   91.3    0.2360 183.3482      0.1090
     11     14   64.5    0.1860   4.9441      0.1090
     11     14   64.5    0.1860   4.9441      0.1090
     11     14   64.5    0.1860   4.9441      0.1090
     11     14   64.5    0.1860   4.9441      0.1090
     17     18  173.1    0.1024   1.3602      0.1010
     17     19   68.8    0.2569   1.5345      0.1010
     17     19   68.8    0.2569   1.5345      0.1010
     17     19   68.8    0.2569   1.5345      0.1010
Wrote pdb files with previous and current coordinates

Step 11, time 0.022 (ps)  LINCS WARNING
relative constraint deviation after LINCS:
rms 583.138916, max 1680.042236 (between atoms 11 and 13)
bonds that rotated more than 30 degrees:
 atom 1 atom 2  angle  previous, current, constraint length
      1      2   47.6    0.1859  65.8836      0.1090
      2      3  104.4    0.2263  29.7741      0.1090
      2      4  112.0    0.2503  37.7037      0.1090
      2      4  112.0    0.2503  37.7037      0.1090
      7      8   90.0    0.1256   0.1010      0.1010
      9     10   68.1    0.1090   0.1090      0.1090
     11     12   74.2    0.3100  14.8389      0.1090
     11     14   46.9    0.2340   5.2330      0.1090
     11     14   46.9    0.2340   5.2330      0.1090
     11     14   46.9    0.2340   5.2330      0.1090
     11     14   46.9    0.2340   5.2330      0.1090
     17     18   72.7    0.0970   1.4886      0.1010
     17     19  125.9    0.2430   1.3057      0.1010
     17     19  125.9    0.2430   1.3057      0.1010
     17     19  125.9    0.2430   1.3057      0.1010
Wrote pdb files with previous and current coordinates

Step 12, time 0.024 (ps)  LINCS WARNING
relative constraint deviation after LINCS:
rms 583.679016, max 1681.104492 (between atoms 11 and 13)
bonds that rotated more than 30 degrees:
 atom 1 atom 2  angle  previous, current, constraint length
      1      2   53.8    0.2242  66.1042      0.1090
      2      3   93.1    0.1573  30.1428      0.1090
      2      4   34.5    0.1137  37.5789      0.1090
      2      4   34.5    0.1137  37.5789      0.1090
      7      8   90.0    0.1010   0.1274      0.1010
      9     10   68.4    0.1090   0.1090      0.1090
     11     12  134.0    0.2747  14.5872      0.1090
     11     13   93.6    0.1579 183.3494      0.1090
     11     14  111.6    0.1103   5.0101      0.1090
     11     14  111.6    0.1103   5.0101      0.1090
     11     14  111.6    0.1103   5.0101      0.1090
     11     14  111.6    0.1103   5.0101      0.1090
     17     18  174.5    0.1029   1.3673      0.1010
     17     19   68.8    0.2569   1.5353      0.1010
     17     19   68.8    0.2569   1.5353      0.1010
     17     19   68.8    0.2569   1.5353      0.1010
Wrote pdb files with previous and current coordinates

Step 13, time 0.026 (ps)  LINCS WARNING
relative constraint deviation after LINCS:
rms 582.941101, max 1680.041626 (between atoms 11 and 13)
bonds that rotated more than 30 degrees:
 atom 1 atom 2  angle  previous, current, constraint length
      1      2   61.0    0.1635  65.8822      0.1090
      2      3  106.5    0.2402  29.7733      0.1090
      2      4   78.0    0.1951  37.3450      0.1090
      2      4   78.0    0.1951  37.3450      0.1090
      7      8   87.8    0.1274   0.1010      0.1010
      9     10   62.5    0.1090   0.1090      0.1090
     11     12   74.7    0.3167  14.8400      0.1090
     11     14   34.7    0.1348   5.2004      0.1090
     11     14   34.7    0.1348   5.2004      0.1090
     11     14   34.7    0.1348   5.2004      0.1090
     11     14   34.7    0.1348   5.2004      0.1090
     17     18   76.8    0.0968   1.4895      0.1010
     17     19  125.2    0.2471   1.3057      0.1010
     17     19  125.2    0.2471   1.3057      0.1010
     17     19  125.2    0.2471   1.3057      0.1010
Wrote pdb files with previous and current coordinates

Step 14, time 0.028 (ps)  LINCS WARNING
relative constraint deviation after LINCS:
rms 583.657410, max 1681.032349 (between atoms 11 and 13)
bonds that rotated more than 30 degrees:
 atom 1 atom 2  angle  previous, current, constraint length
      1      2   53.5    0.2253  66.1036      0.1090
      2      3   92.9    0.1572  30.1420      0.1090
      2      4   34.2    0.1146  37.5786      0.1090
      2      4   34.2    0.1146  37.5786      0.1090
      7      8   90.0    0.1010   0.1284      0.1010
      9     10   62.5    0.1090   0.1090      0.1090
     11     12  134.5    0.2738  14.5884      0.1090
     11     13   93.6    0.1563 183.3415      0.1090
     11     14  111.5    0.1106   5.0090      0.1090
     11     14  111.5    0.1106   5.0090      0.1090
     11     14  111.5    0.1106   5.0090      0.1090
     11     14  111.5    0.1106   5.0090      0.1090
     17     18  175.9    0.1033   1.3707      0.1010
     17     19   68.9    0.2570   1.5355      0.1010
     17     19   68.9    0.2570   1.5355      0.1010
     17     19   68.9    0.2570   1.5355      0.1010
Wrote pdb files with previous and current coordinates

Step 15, time 0.03 (ps)  LINCS WARNING
relative constraint deviation after LINCS:
rms 582.939392, max 1680.041260 (between atoms 11 and 13)
bonds that rotated more than 30 degrees:
 atom 1 atom 2  angle  previous, current, constraint length
      1      2   60.5    0.1623  65.8810      0.1090
      2      3  106.3    0.2400  29.7726      0.1090
      2      4   77.9    0.1953  37.3442      0.1090
      2      4   77.9    0.1953  37.3442      0.1090
      7      8   88.2    0.1284   0.1010      0.1010
      9     10   58.7    0.1090   0.1090      0.1090
     11     12   74.7    0.3123  14.8407      0.1090
     11     14   33.8    0.1344   5.2004      0.1090
     11     14   33.8    0.1344   5.2004      0.1090
     11     14   33.8    0.1344   5.2004      0.1090
     11     14   33.8    0.1344   5.2004      0.1090
     17     18   78.7    0.0967   1.4898      0.1010
     17     19  124.8    0.2494   1.3057      0.1010
     17     19  124.8    0.2494   1.3057      0.1010
     17     19  124.8    0.2494   1.3057      0.1010
Wrote pdb files with previous and current coordinates

Step 16, time 0.032 (ps)  LINCS WARNING
relative constraint deviation after LINCS:
rms 584.266785, max 1683.016357 (between atoms 11 and 13)
bonds that rotated more than 30 degrees:
 atom 1 atom 2  angle  previous, current, constraint length
      1      2   53.3    0.2262  66.1032      0.1090
      2      3   92.6    0.1571  30.1413      0.1090
      2      4   34.1    0.1153  37.5783      0.1090
      2      4   34.1    0.1153  37.5783      0.1090
      7      8   90.0    0.1010   0.1289      0.1010
      9     10   58.7    0.1090   0.1090      0.1090
     11     12  133.4    0.2732  14.7594      0.1090
     11     13   93.6    0.1548 183.5578      0.1090
     11     14  110.8    0.1108   5.0481      0.1090
     11     14  110.8    0.1108   5.0481      0.1090
     11     14  110.8    0.1108   5.0481      0.1090
     11     14  110.8    0.1108   5.0481      0.1090
     17     18  176.4    0.1035   1.3718      0.1010
     17     19   68.9    0.2571   1.5355      0.1010
     17     19   68.9    0.2571   1.5355      0.1010
     17     19   68.9    0.2571   1.5355      0.1010
Wrote pdb files with previous and current coordinates

Step 17, time 0.034 (ps)  LINCS WARNING
relative constraint deviation after LINCS:
rms 582.937805, max 1680.040771 (between atoms 11 and 13)
bonds that rotated more than 30 degrees:
 atom 1 atom 2  angle  previous, current, constraint length
      1      2   60.1    0.1612  65.8801      0.1090
      2      3  106.2    0.2398  29.7721      0.1090
      2      4   77.9    0.1955  37.3435      0.1090
      2      4   77.9    0.1955  37.3435      0.1090
      7      8   89.0    0.1289   0.1010      0.1010
      9     10   55.9    0.1090   0.1090      0.1090
     11     12   74.7    0.3086  14.8411      0.1090
     11     14   33.1    0.1341   5.2004      0.1090
     11     14   33.1    0.1341   5.2004      0.1090
     11     14   33.1    0.1341   5.2004      0.1090
     11     14   33.1    0.1341   5.2004      0.1090
     17     18   79.3    0.0966   1.4899      0.1010
     17     19  124.6    0.2507   1.3057      0.1010
     17     19  124.6    0.2507   1.3057      0.1010
     17     19  124.6    0.2507   1.3057      0.1010
Wrote pdb files with previous and current coordinates

Step 18, time 0.036 (ps)  LINCS WARNING
relative constraint deviation after LINCS:
rms 584.251343, max 1682.964478 (between atoms 11 and 13)
bonds that rotated more than 30 degrees:
 atom 1 atom 2  angle  previous, current, constraint length
      1      2   53.2    0.2270  66.1030      0.1090
      2      3   92.4    0.1570  30.1407      0.1090
      2      4   33.9    0.1159  37.5781      0.1090
      2      4   33.9    0.1159  37.5781      0.1090
      7      8   90.0    0.1010   0.1293      0.1010
      9     10   55.9    0.1090   0.1090      0.1090
     11     12  133.7    0.2726  14.7603      0.1090
     11     13   93.6    0.1535 183.5521      0.1090
     11     14  110.8    0.1109   5.0474      0.1090
     11     14  110.8    0.1109   5.0474      0.1090
     11     14  110.8    0.1109   5.0474      0.1090
     11     14  110.8    0.1109   5.0474      0.1090
     17     18  176.5    0.1035   1.3720      0.1010
     17     19   68.9    0.2571   1.5355      0.1010
     17     19   68.9    0.2571   1.5355      0.1010
     17     19   68.9    0.2571   1.5355      0.1010
Wrote pdb files with previous and current coordinates

Step 19, time 0.038 (ps)  LINCS WARNING
relative constraint deviation after LINCS:
rms 582.936462, max 1680.040405 (between atoms 11 and 13)
bonds that rotated more than 30 degrees:
 atom 1 atom 2  angle  previous, current, constraint length
      1      2   59.8    0.1603  65.8793      0.1090
      2      3  106.0    0.2396  29.7716      0.1090
      2      4   77.8    0.1956  37.3429      0.1090
      2      4   77.8    0.1956  37.3429      0.1090
      7      8   89.5    0.1293   0.1010      0.1010
      9     10   53.8    0.1090   0.1090      0.1090
     11     12   74.7    0.3055  14.8415      0.1090
     11     14   32.4    0.1339   5.2004      0.1090
     11     14   32.4    0.1339   5.2004      0.1090
     11     14   32.4    0.1339   5.2004      0.1090
     11     14   32.4    0.1339   5.2004      0.1090
     17     18   79.5    0.0966   1.4899      0.1010
     17     19  124.4    0.2516   1.3057      0.1010
     17     19  124.4    0.2516   1.3057      0.1010
     17     19  124.4    0.2516   1.3057      0.1010
Wrote pdb files with previous and current coordinates

Step 20, time 0.04 (ps)  LINCS WARNING
relative constraint deviation after LINCS:
rms 584.238098, max 1682.919922 (between atoms 11 and 13)
bonds that rotated more than 30 degrees:
 atom 1 atom 2  angle  previous, current, constraint length
      1      2   53.0    0.2276  66.1027      0.1090
      2      3   92.2    0.1569  30.1402      0.1090
      2      4   33.8    0.1165  37.5779      0.1090
      2      4   33.8    0.1165  37.5779      0.1090
      7      8   90.0    0.1010   0.1296      0.1010
      9     10   53.8    0.1090   0.1090      0.1090
     11     12  133.8    0.2722  14.7611      0.1090
     11     13   93.7    0.1523 183.5473      0.1090
     11     14  110.8    0.1111   5.0469      0.1090
     11     14  110.8    0.1111   5.0469      0.1090
     11     14  110.8    0.1111   5.0469      0.1090
     11     14  110.8    0.1111   5.0469      0.1090
     17     18  176.5    0.1035   1.3720      0.1010
     17     19   68.9    0.2571   1.5354      0.1010
     17     19   68.9    0.2571   1.5354      0.1010
     17     19   68.9    0.2571   1.5354      0.1010
Wrote pdb files with previous and current coordinates

Step 21, time 0.042 (ps)  LINCS WARNING
relative constraint deviation after LINCS:
rms 582.935242, max 1680.039917 (between atoms 11 and 13)
bonds that rotated more than 30 degrees:
 atom 1 atom 2  angle  previous, current, constraint length
      1      2   59.6    0.1596  65.8785      0.1090
      2      3  105.9    0.2394  29.7712      0.1090
      2      4   77.8    0.1958  37.3424      0.1090
      2      4   77.8    0.1958  37.3424      0.1090
      7      8   90.0    0.1296   0.1010      0.1010
      9     10   52.2    0.1090   0.1090      0.1090
     11     12   74.7    0.3028  14.8417      0.1090
     11     14   31.9    0.1338   5.2004      0.1090
     11     14   31.9    0.1338   5.2004      0.1090
     11     14   31.9    0.1338   5.2004      0.1090
     11     14   31.9    0.1338   5.2004      0.1090
     17     18   79.5    0.0966   1.4899      0.1010
     17     19  124.2    0.2521   1.3057      0.1010
     17     19  124.2    0.2521   1.3057      0.1010
     17     19  124.2    0.2521   1.3057      0.1010
Wrote pdb files with previous and current coordinates

Step 22, time 0.044 (ps)  LINCS WARNING
relative constraint deviation after LINCS:
rms 584.226562, max 1682.881470 (between atoms 11 and 13)
bonds that rotated more than 30 degrees:
 atom 1 atom 2  angle  previous, current, constraint length
      1      2   52.9    0.2282  66.1025      0.1090
      2      3   92.1    0.1568  30.1397      0.1090
      2      4   33.7    0.1169  37.5777      0.1090
      2      4   33.7    0.1169  37.5777      0.1090
      7      8   90.0    0.1010   0.1299      0.1010
      9     10   52.2    0.1090   0.1090      0.1090
     11     12  134.0    0.2718  14.7618      0.1090
     11     13   93.7    0.1514 183.5431      0.1090
     11     14  110.7    0.1112   5.0463      0.1090
     11     14  110.7    0.1112   5.0463      0.1090
     11     14  110.7    0.1112   5.0463      0.1090
     11     14  110.7    0.1112   5.0463      0.1090
     17     18  176.5    0.1035   1.3719      0.1010
     17     19   68.9    0.2571   1.5353      0.1010
     17     19   68.9    0.2571   1.5353      0.1010
     17     19   68.9    0.2571   1.5353      0.1010
Wrote pdb files with previous and current coordinates

Step 23, time 0.046 (ps)  LINCS WARNING
relative constraint deviation after LINCS:
rms 582.934204, max 1680.039673 (between atoms 11 and 13)
bonds that rotated more than 30 degrees:
 atom 1 atom 2  angle  previous, current, constraint length
      1      2   59.4    0.1591  65.8779      0.1090
      2      3  105.8    0.2393  29.7708      0.1090
      2      4   77.7    0.1959  37.3420      0.1090
      2      4   77.7    0.1959  37.3420      0.1090
      7      8   90.0    0.1299   0.1010      0.1010
      9     10   50.9    0.1090   0.1090      0.1090
     11     12   74.7    0.3004  14.8419      0.1090
     11     14   31.4    0.1337   5.2004      0.1090
     11     14   31.4    0.1337   5.2004      0.1090
     11     14   31.4    0.1337   5.2004      0.1090
     11     14   31.4    0.1337   5.2004      0.1090
     17     18   79.4    0.0966   1.4899      0.1010
     17     19  124.1    0.2525   1.3057      0.1010
     17     19  124.1    0.2525   1.3057      0.1010
     17     19  124.1    0.2525   1.3057      0.1010
Wrote pdb files with previous and current coordinates

Step 24, time 0.048 (ps)  LINCS WARNING
relative constraint deviation after LINCS:
rms 584.216492, max 1682.847778 (between atoms 11 and 13)
bonds that rotated more than 30 degrees:
 atom 1 atom 2  angle  previous, current, constraint length
      1      2   52.8    0.2288  66.1022      0.1090
      2      3   91.9    0.1568  30.1393      0.1090
      2      4   33.6    0.1174  37.5776      0.1090
      2      4   33.6    0.1174  37.5776      0.1090
      7      8   90.0    0.1010   0.1302      0.1010
      9     10   50.9    0.1090   0.1090      0.1090
     11     12  134.1    0.2715  14.7624      0.1090
     11     13   93.7    0.1506 183.5394      0.1090
     11     14  110.7    0.1113   5.0459      0.1090
     11     14  110.7    0.1113   5.0459      0.1090
     11     14  110.7    0.1113   5.0459      0.1090
     11     14  110.7    0.1113   5.0459      0.1090
     17     18  176.4    0.1035   1.3719      0.1010
     17     19   68.9    0.2571   1.5353      0.1010
     17     19   68.9    0.2571   1.5353      0.1010
     17     19   68.9    0.2571   1.5353      0.1010
Wrote pdb files with previous and current coordinates

Step 25, time 0.05 (ps)  LINCS WARNING
relative constraint deviation after LINCS:
rms 582.933105, max 1680.038940 (between atoms 11 and 13)
bonds that rotated more than 30 degrees:
 atom 1 atom 2  angle  previous, current, constraint length
      1      2   59.2    0.1588  65.8773      0.1090
      2      3  105.7    0.2392  29.7704      0.1090
      2      4   77.7    0.1960  37.3416      0.1090
      2      4   77.7    0.1960  37.3416      0.1090
      7      8   90.0    0.1302   0.1010      0.1010
      9     10   49.9    0.1090   0.1090      0.1090
     11     12   74.7    0.2982  14.8420      0.1090
     11     14   31.0    0.1336   5.2004      0.1090
     11     14   31.0    0.1336   5.2004      0.1090
     11     14   31.0    0.1336   5.2004      0.1090
     11     14   31.0    0.1336   5.2004      0.1090
     17     18   79.4    0.0966   1.4899      0.1010
     17     19  124.1    0.2528   1.3057      0.1010
     17     19  124.1    0.2528   1.3057      0.1010
     17     19  124.1    0.2528   1.3057      0.1010
Wrote pdb files with previous and current coordinates

Step 26, time 0.052 (ps)  LINCS WARNING
relative constraint deviation after LINCS:
rms 584.207520, max 1682.817993 (between atoms 11 and 13)
bonds that rotated more than 30 degrees:
 atom 1 atom 2  angle  previous, current, constraint length
      1      2   52.7    0.2292  66.1020      0.1090
      2      3   91.8    0.1567  30.1390      0.1090
      2      4   33.5    0.1177  37.5775      0.1090
      2      4   33.5    0.1177  37.5775      0.1090
      7      8   90.0    0.1010   0.1304      0.1010
      9     10   49.9    0.1090   0.1090      0.1090
     11     12  134.2    0.2712  14.7630      0.1090
     11     13   93.7    0.1499 183.5362      0.1090
     11     14  110.7    0.1114   5.0454      0.1090
     11     14  110.7    0.1114   5.0454      0.1090
     11     14  110.7    0.1114   5.0454      0.1090
     11     14  110.7    0.1114   5.0454      0.1090
     17     18  176.4    0.1034   1.3718      0.1010
     17     19   68.9    0.2571   1.5352      0.1010
     17     19   68.9    0.2571   1.5352      0.1010
     17     19   68.9    0.2571   1.5352      0.1010
Wrote pdb files with previous and current coordinates

Step 27, time 0.054 (ps)  LINCS WARNING
relative constraint deviation after LINCS:
rms 582.932190, max 1680.038452 (between atoms 11 and 13)
bonds that rotated more than 30 degrees:
 atom 1 atom 2  angle  previous, current, constraint length
      1      2   59.0    0.1587  65.8768      0.1090
      2      3  105.6    0.2391  29.7701      0.1090
      2      4   77.7    0.1961  37.3412      0.1090
      2      4   77.7    0.1961  37.3412      0.1090
      7      8   90.0    0.1304   0.1010      0.1010
      9     10   49.1    0.1090   0.1090      0.1090
     11     12   74.7    0.2962  14.8421      0.1090
     11     14   30.6    0.1336   5.2004      0.1090
     11     14   30.6    0.1336   5.2004      0.1090
     11     14   30.6    0.1336   5.2004      0.1090
     11     14   30.6    0.1336   5.2004      0.1090
     17     18   79.3    0.0965   1.4898      0.1010
     17     19  124.0    0.2530   1.3057      0.1010
     17     19  124.0    0.2530   1.3057      0.1010
     17     19  124.0    0.2530   1.3057      0.1010
Wrote pdb files with previous and current coordinates

Step 28, time 0.056 (ps)  LINCS WARNING
relative constraint deviation after LINCS:
rms 584.199646, max 1682.791992 (between atoms 11 and 13)
bonds that rotated more than 30 degrees:
 atom 1 atom 2  angle  previous, current, constraint length
      1      2   52.7    0.2297  66.1017      0.1090
      2      3   91.7    0.1567  30.1386      0.1090
      2      4   33.4    0.1181  37.5773      0.1090
      2      4   33.4    0.1181  37.5773      0.1090
      7      8   90.0    0.1010   0.1306      0.1010
      9     10   49.1    0.1090   0.1090      0.1090
     11     12  134.2    0.2710  14.7635      0.1090
     11     13   93.6    0.1493 183.5333      0.1090
     11     14  110.7    0.1115   5.0451      0.1090
     11     14  110.7    0.1115   5.0451      0.1090
     11     14  110.7    0.1115   5.0451      0.1090
     11     14  110.7    0.1115   5.0451      0.1090
     17     18  176.4    0.1034   1.3717      0.1010
     17     19   68.9    0.2571   1.5352      0.1010
     17     19   68.9    0.2571   1.5352      0.1010
     17     19   68.9    0.2571   1.5352      0.1010
Wrote pdb files with previous and current coordinates

Step 29, time 0.058 (ps)  LINCS WARNING
relative constraint deviation after LINCS:
rms 582.931213, max 1680.037720 (between atoms 11 and 13)
bonds that rotated more than 30 degrees:
 atom 1 atom 2  angle  previous, current, constraint length
      1      2   58.9    0.1586  65.8764      0.1090
      2      3  105.6    0.2391  29.7698      0.1090
      2      4   77.6    0.1963  37.3408      0.1090
      2      4   77.6    0.1963  37.3408      0.1090
      7      8   90.0    0.1306   0.1010      0.1010
      9     10   48.5    0.1090   0.1090      0.1090
     11     12   74.7    0.2944  14.8421      0.1090
     11     14   30.3    0.1335   5.2004      0.1090
     11     14   30.3    0.1335   5.2004      0.1090
     11     14   30.3    0.1335   5.2004      0.1090
     11     14   30.3    0.1335   5.2004      0.1090
     17     18   79.3    0.0965   1.4898      0.1010
     17     19  124.0    0.2532   1.3057      0.1010
     17     19  124.0    0.2532   1.3057      0.1010
     17     19  124.0    0.2532   1.3057      0.1010
Wrote pdb files with previous and current coordinates

Step 30, time 0.06 (ps)  LINCS WARNING
relative constraint deviation after LINCS:
rms 584.192566, max 1682.768799 (between atoms 11 and 13)
bonds that rotated more than 30 degrees:
 atom 1 atom 2  angle  previous, current, constraint length
      1      2   52.6    0.2301  66.1014      0.1090
      2      3   91.6    0.1566  30.1383      0.1090
      2      4   33.4    0.1184  37.5772      0.1090
      2      4   33.4    0.1184  37.5772      0.1090
      7      8   90.0    0.1010   0.1308      0.1010
      9     10   48.5    0.1090   0.1090      0.1090
     11     12  134.3    0.2708  14.7640      0.1090
     11     13   93.6    0.1488 183.5308      0.1090
     11     14  110.7    0.1116   5.0447      0.1090
     11     14  110.7    0.1116   5.0447      0.1090
     11     14  110.7    0.1116   5.0447      0.1090
     11     14  110.7    0.1116   5.0447      0.1090
     17     18  176.4    0.1034   1.3716      0.1010
     17     19   68.9    0.2571   1.5352      0.1010
     17     19   68.9    0.2571   1.5352      0.1010
     17     19   68.9    0.2571   1.5352      0.1010
Wrote pdb files with previous and current coordinates

Step 31, time 0.062 (ps)  LINCS WARNING
relative constraint deviation after LINCS:
rms 582.930237, max 1680.036865 (between atoms 11 and 13)
bonds that rotated more than 30 degrees:
 atom 1 atom 2  angle  previous, current, constraint length
      1      2   58.8    0.1586  65.8759      0.1090
      2      3  105.5    0.2390  29.7696      0.1090
      2      4   77.6    0.1964  37.3405      0.1090
      2      4   77.6    0.1964  37.3405      0.1090
      7      8   90.0    0.1308   0.1010      0.1010
      9     10   48.0    0.1090   0.1090      0.1090
     11     12   74.7    0.2928  14.8422      0.1090
     17     18   79.2    0.0965   1.4898      0.1010
     17     19  123.9    0.2533   1.3057      0.1010
     17     19  123.9    0.2533   1.3057      0.1010
     17     19  123.9    0.2533   1.3057      0.1010
Wrote pdb files with previous and current coordinates

Step 32, time 0.064 (ps)  LINCS WARNING
relative constraint deviation after LINCS:
rms 584.186096, max 1682.747559 (between atoms 11 and 13)
bonds that rotated more than 30 degrees:
 atom 1 atom 2  angle  previous, current, constraint length
      1      2   52.5    0.2304  66.1012      0.1090
      2      3   91.5    0.1566  30.1381      0.1090
      2      4   33.3    0.1187  37.5771      0.1090
      2      4   33.3    0.1187  37.5771      0.1090
      7      8   90.0    0.1010   0.1310      0.1010
      9     10   48.0    0.1090   0.1090      0.1090
     11     12  134.3    0.2706  14.7644      0.1090
     11     13   93.6    0.1484 183.5285      0.1090
     11     14  110.7    0.1117   5.0444      0.1090
     11     14  110.7    0.1117   5.0444      0.1090
     11     14  110.7    0.1117   5.0444      0.1090
     11     14  110.7    0.1117   5.0444      0.1090
     17     18  176.4    0.1034   1.3716      0.1010
     17     19   68.8    0.2571   1.5351      0.1010
     17     19   68.8    0.2571   1.5351      0.1010
     17     19   68.8    0.2571   1.5351      0.1010
Wrote pdb files with previous and current coordinates

Step 33, time 0.066 (ps)  LINCS WARNING
relative constraint deviation after LINCS:
rms 582.929382, max 1680.036011 (between atoms 11 and 13)
bonds that rotated more than 30 degrees:
 atom 1 atom 2  angle  previous, current, constraint length
      1      2   58.7    0.1587  65.8755      0.1090
      2      3  105.4    0.2389  29.7693      0.1090
      2      4   77.6    0.1965  37.3402      0.1090
      2      4   77.6    0.1965  37.3402      0.1090
      7      8   90.0    0.1310   0.1010      0.1010
      9     10   47.5    0.1090   0.1090      0.1090
     11     12   74.7    0.2912  14.8422      0.1090
     17     18   79.2    0.0965   1.4898      0.1010
     17     19  123.9    0.2534   1.3057      0.1010
     17     19  123.9    0.2534   1.3057      0.1010
     17     19  123.9    0.2534   1.3057      0.1010
Wrote pdb files with previous and current coordinates

Step 34, time 0.068 (ps)  LINCS WARNING
relative constraint deviation after LINCS:
rms 584.180237, max 1682.728516 (between atoms 11 and 13)
bonds that rotated more than 30 degrees:
 atom 1 atom 2  angle  previous, current, constraint length
      1      2   52.5    0.2308  66.1009      0.1090
      2      3   91.4    0.1565  30.1378      0.1090
      2      4   33.2    0.1190  37.5770      0.1090
      2      4   33.2    0.1190  37.5770      0.1090
      7      8   90.0    0.1010   0.1311      0.1010
      9     10   47.5    0.1090   0.1090      0.1090
     11     12  134.4    0.2704  14.7649      0.1090
     11     13   93.6    0.1481 183.5264      0.1090
     11     14  110.6    0.1117   5.0441      0.1090
     11     14  110.6    0.1117   5.0441      0.1090
     11     14  110.6    0.1117   5.0441      0.1090
     11     14  110.6    0.1117   5.0441      0.1090
     17     18  176.4    0.1034   1.3715      0.1010
     17     19   68.8    0.2571   1.5351      0.1010
     17     19   68.8    0.2571   1.5351      0.1010
     17     19   68.8    0.2571   1.5351      0.1010
Wrote pdb files with previous and current coordinates

Step 35, time 0.07 (ps)  LINCS WARNING
relative constraint deviation after LINCS:
rms 582.928528, max 1680.035156 (between atoms 11 and 13)
bonds that rotated more than 30 degrees:
 atom 1 atom 2  angle  previous, current, constraint length
      1      2   58.6    0.1588  65.8751      0.1090
      2      3  105.4    0.2389  29.7691      0.1090
      2      4   77.5    0.1965  37.3400      0.1090
      2      4   77.5    0.1965  37.3400      0.1090
      7      8   90.0    0.1311   0.1010      0.1010
      9     10   47.1    0.1090   0.1090      0.1090
     11     12   74.7    0.2898  14.8422      0.1090
     17     18   79.1    0.0965   1.4898      0.1010
     17     19  123.9    0.2535   1.3057      0.1010
     17     19  123.9    0.2535   1.3057      0.1010
     17     19  123.9    0.2535   1.3057      0.1010
Wrote pdb files with previous and current coordinates

Step 36, time 0.072 (ps)  LINCS WARNING
relative constraint deviation after LINCS:
rms 584.174744, max 1682.710815 (between atoms 11 and 13)
bonds that rotated more than 30 degrees:
 atom 1 atom 2  angle  previous, current, constraint length
      1      2   52.4    0.2311  66.1006      0.1090
      2      3   91.3    0.1565  30.1376      0.1090
      2      4   33.2    0.1192  37.5769      0.1090
      2      4   33.2    0.1192  37.5769      0.1090
      7      8   90.0    0.1010   0.1313      0.1010
      9     10   47.1    0.1090   0.1090      0.1090
     11     12  134.4    0.2702  14.7653      0.1090
     11     13   93.5    0.1477 183.5245      0.1090
     11     14  110.6    0.1118   5.0438      0.1090
     11     14  110.6    0.1118   5.0438      0.1090
     11     14  110.6    0.1118   5.0438      0.1090
     11     14  110.6    0.1118   5.0438      0.1090
     17     18  176.4    0.1034   1.3714      0.1010
     17     19   68.8    0.2571   1.5351      0.1010
     17     19   68.8    0.2571   1.5351      0.1010
     17     19   68.8    0.2571   1.5351      0.1010
Wrote pdb files with previous and current coordinates

Step 37, time 0.074 (ps)  LINCS WARNING
relative constraint deviation after LINCS:
rms 582.927734, max 1680.034424 (between atoms 11 and 13)
bonds that rotated more than 30 degrees:
 atom 1 atom 2  angle  previous, current, constraint length
      1      2   58.5    0.1590  65.8748      0.1090
      2      3  105.3    0.2388  29.7689      0.1090
      2      4   77.5    0.1966  37.3397      0.1090
      2      4   77.5    0.1966  37.3397      0.1090
      7      8   90.0    0.1313   0.1010      0.1010
      9     10   46.8    0.1090   0.1090      0.1090
     11     12   74.7    0.2884  14.8422      0.1090
     17     18   79.1    0.0965   1.4898      0.1010
     17     19  123.8    0.2535   1.3056      0.1010
     17     19  123.8    0.2535   1.3056      0.1010
     17     19  123.8    0.2535   1.3056      0.1010
Wrote pdb files with previous and current coordinates

Step 38, time 0.076 (ps)  LINCS WARNING
relative constraint deviation after LINCS:
rms 584.169861, max 1682.694946 (between atoms 11 and 13)
bonds that rotated more than 30 degrees:
 atom 1 atom 2  angle  previous, current, constraint length
      1      2   52.3    0.2314  66.1003      0.1090
      2      3   91.3    0.1565  30.1373      0.1090
      2      4   33.1    0.1195  37.5768      0.1090
      2      4   33.1    0.1195  37.5768      0.1090
      7      8   90.0    0.1010   0.1314      0.1010
      9     10   46.8    0.1090   0.1090      0.1090
     11     12  134.4    0.2701  14.7656      0.1090
     11     13   93.5    0.1474 183.5228      0.1090
     11     14  110.6    0.1119   5.0435      0.1090
     11     14  110.6    0.1119   5.0435      0.1090
     11     14  110.6    0.1119   5.0435      0.1090
     11     14  110.6    0.1119   5.0435      0.1090
     17     18  176.4    0.1034   1.3713      0.1010
     17     19   68.8    0.2571   1.5351      0.1010
     17     19   68.8    0.2571   1.5351      0.1010
     17     19   68.8    0.2571   1.5351      0.1010
Wrote pdb files with previous and current coordinates

Step 39, time 0.078 (ps)  LINCS WARNING
relative constraint deviation after LINCS:
rms 582.926880, max 1680.033203 (between atoms 11 and 13)
bonds that rotated more than 30 degrees:
 atom 1 atom 2  angle  previous, current, constraint length
      1      2   58.5    0.1591  65.8744      0.1090
      2      3  105.2    0.2388  29.7687      0.1090
      2      4   77.5    0.1967  37.3395      0.1090
      2      4   77.5    0.1967  37.3395      0.1090
      7      8   90.0    0.1314   0.1010      0.1010
      9     10   46.5    0.1090   0.1090      0.1090
     11     12   74.7    0.2872  14.8422      0.1090
     17     18   79.0    0.0965   1.4898      0.1010
     17     19  123.8    0.2536   1.3056      0.1010
     17     19  123.8    0.2536   1.3056      0.1010
     17     19  123.8    0.2536   1.3056      0.1010
Wrote pdb files with previous and current coordinates

Step 40, time 0.08 (ps)  LINCS WARNING
relative constraint deviation after LINCS:
rms 584.165283, max 1682.680176 (between atoms 11 and 13)
bonds that rotated more than 30 degrees:
 atom 1 atom 2  angle  previous, current, constraint length
      1      2   52.3    0.2317  66.1001      0.1090
      2      3   91.2    0.1564  30.1371      0.1090
      2      4   33.1    0.1197  37.5767      0.1090
      2      4   33.1    0.1197  37.5767      0.1090
      7      8   90.0    0.1010   0.1316      0.1010
      9     10   46.5    0.1090   0.1090      0.1090
     11     12  134.5    0.2699  14.7660      0.1090
     11     13   93.5    0.1472 183.5211      0.1090
     11     14  110.6    0.1119   5.0432      0.1090
     11     14  110.6    0.1119   5.0432      0.1090
     11     14  110.6    0.1119   5.0432      0.1090
     11     14  110.6    0.1119   5.0432      0.1090
     17     18  176.4    0.1034   1.3713      0.1010
     17     19   68.8    0.2571   1.5350      0.1010
     17     19   68.8    0.2571   1.5350      0.1010
     17     19   68.8    0.2571   1.5350      0.1010
Wrote pdb files with previous and current coordinates

Step 41, time 0.082 (ps)  LINCS WARNING
relative constraint deviation after LINCS:
rms 582.926025, max 1680.032104 (between atoms 11 and 13)
bonds that rotated more than 30 degrees:
 atom 1 atom 2  angle  previous, current, constraint length
      1      2   58.4    0.1593  65.8741      0.1090
      2      3  105.2    0.2388  29.7685      0.1090
      2      4   77.5    0.1968  37.3392      0.1090
      2      4   77.5    0.1968  37.3392      0.1090
      7      8   90.0    0.1316   0.1010      0.1010
      9     10   46.2    0.1090   0.1090      0.1090
     11     12   74.7    0.2860  14.8422      0.1090
     17     18   79.0    0.0965   1.4898      0.1010
     17     19  123.8    0.2536   1.3056      0.1010
     17     19  123.8    0.2536   1.3056      0.1010
     17     19  123.8    0.2536   1.3056      0.1010
Wrote pdb files with previous and current coordinates

Step 42, time 0.084 (ps)  LINCS WARNING
relative constraint deviation after LINCS:
rms 584.160950, max 1682.666504 (between atoms 11 and 13)
bonds that rotated more than 30 degrees:
 atom 1 atom 2  angle  previous, current, constraint length
      1      2   52.2    0.2320  66.0998      0.1090
      2      3   91.1    0.1564  30.1369      0.1090
      2      4   33.0    0.1199  37.5766      0.1090
      2      4   33.0    0.1199  37.5766      0.1090
      7      8   90.0    0.1010   0.1317      0.1010
      9     10   46.2    0.1090   0.1090      0.1090
     11     12  134.5    0.2698  14.7663      0.1090
     11     13   93.4    0.1470 183.5196      0.1090
     11     14  110.6    0.1120   5.0430      0.1090
     11     14  110.6    0.1120   5.0430      0.1090
     11     14  110.6    0.1120   5.0430      0.1090
     11     14  110.6    0.1120   5.0430      0.1090
     17     18  176.4    0.1034   1.3712      0.1010
     17     19   68.8    0.2571   1.5350      0.1010
     17     19   68.8    0.2571   1.5350      0.1010
     17     19   68.8    0.2571   1.5350      0.1010
Wrote pdb files with previous and current coordinates

Step 43, time 0.086 (ps)  LINCS WARNING
relative constraint deviation after LINCS:
rms 582.925293, max 1680.031128 (between atoms 11 and 13)
bonds that rotated more than 30 degrees:
 atom 1 atom 2  angle  previous, current, constraint length
      1      2   58.3    0.1595  65.8738      0.1090
      2      3  105.1    0.2387  29.7683      0.1090
      2      4   77.5    0.1968  37.3390      0.1090
      2      4   77.5    0.1968  37.3390      0.1090
      7      8   90.0    0.1317   0.1010      0.1010
      9     10   46.0    0.1090   0.1090      0.1090
     11     12   74.7    0.2848  14.8421      0.1090
     17     18   79.0    0.0965   1.4898      0.1010
     17     19  123.8    0.2537   1.3056      0.1010
     17     19  123.8    0.2537   1.3056      0.1010
     17     19  123.8    0.2537   1.3056      0.1010
Wrote pdb files with previous and current coordinates

Step 44, time 0.088 (ps)  LINCS WARNING
relative constraint deviation after LINCS:
rms 584.156921, max 1682.653564 (between atoms 11 and 13)
bonds that rotated more than 30 degrees:
 atom 1 atom 2  angle  previous, current, constraint length
      1      2   52.2    0.2322  66.0995      0.1090
      2      3   91.0    0.1564  30.1367      0.1090
      2      4   33.0    0.1201  37.5765      0.1090
      2      4   33.0    0.1201  37.5765      0.1090
      7      8   90.0    0.1010   0.1318      0.1010
      9     10   46.0    0.1090   0.1090      0.1090
     11     12  134.5    0.2696  14.7666      0.1090
     11     13   93.4    0.1467 183.5182      0.1090
     11     14  110.6    0.1120   5.0428      0.1090
     11     14  110.6    0.1120   5.0428      0.1090
     11     14  110.6    0.1120   5.0428      0.1090
     11     14  110.6    0.1120   5.0428      0.1090
     17     18  176.4    0.1034   1.3711      0.1010
     17     19   68.8    0.2572   1.5350      0.1010
     17     19   68.8    0.2572   1.5350      0.1010
     17     19   68.8    0.2572   1.5350      0.1010
Wrote pdb files with previous and current coordinates

Step 45, time 0.09 (ps)  LINCS WARNING
relative constraint deviation after LINCS:
rms 582.924500, max 1680.029907 (between atoms 11 and 13)
bonds that rotated more than 30 degrees:
 atom 1 atom 2  angle  previous, current, constraint length
      1      2   58.3    0.1597  65.8736      0.1090
      2      3  105.1    0.2387  29.7681      0.1090
      2      4   77.4    0.1969  37.3388      0.1090
      2      4   77.4    0.1969  37.3388      0.1090
      7      8   90.0    0.1318   0.1010      0.1010
      9     10   45.8    0.1090   0.1090      0.1090
     11     12   74.7    0.2838  14.8421      0.1090
     17     18   78.9    0.0965   1.4898      0.1010
     17     19  123.8    0.2537   1.3056      0.1010
     17     19  123.8    0.2537   1.3056      0.1010
     17     19  123.8    0.2537   1.3056      0.1010
Wrote pdb files with previous and current coordinates

Step 46, time 0.092 (ps)  LINCS WARNING
relative constraint deviation after LINCS:
rms 584.153137, max 1682.641479 (between atoms 11 and 13)
bonds that rotated more than 30 degrees:
 atom 1 atom 2  angle  previous, current, constraint length
      1      2   52.2    0.2325  66.0993      0.1090
      2      3   91.0    0.1564  30.1365      0.1090
      2      4   33.0    0.1203  37.5765      0.1090
      2      4   33.0    0.1203  37.5765      0.1090
      7      8   90.0    0.1010   0.1319      0.1010
      9     10   45.8    0.1090   0.1090      0.1090
     11     12  134.5    0.2695  14.7669      0.1090
     11     13   93.4    0.1466 183.5169      0.1090
     11     14  110.6    0.1121   5.0426      0.1090
     11     14  110.6    0.1121   5.0426      0.1090
     11     14  110.6    0.1121   5.0426      0.1090
     11     14  110.6    0.1121   5.0426      0.1090
     17     18  176.4    0.1034   1.3711      0.1010
     17     19   68.8    0.2572   1.5350      0.1010
     17     19   68.8    0.2572   1.5350      0.1010
     17     19   68.8    0.2572   1.5350      0.1010
Wrote pdb files with previous and current coordinates

Step 47, time 0.094 (ps)  LINCS WARNING
relative constraint deviation after LINCS:
rms 582.923767, max 1680.028931 (between atoms 11 and 13)
bonds that rotated more than 30 degrees:
 atom 1 atom 2  angle  previous, current, constraint length
      1      2   58.2    0.1599  65.8733      0.1090
      2      3  105.1    0.2386  29.7680      0.1090
      2      4   77.4    0.1970  37.3386      0.1090
      2      4   77.4    0.1970  37.3386      0.1090
      7      8   90.0    0.1319   0.1010      0.1010
      9     10   45.6    0.1090   0.1090      0.1090
     11     12   74.7    0.2828  14.8421      0.1090
     17     18   78.9    0.0965   1.4898      0.1010
     17     19  123.8    0.2537   1.3056      0.1010
     17     19  123.8    0.2537   1.3056      0.1010
     17     19  123.8    0.2537   1.3056      0.1010
Wrote pdb files with previous and current coordinates

Step 48, time 0.096 (ps)  LINCS WARNING
relative constraint deviation after LINCS:
rms 584.149658, max 1682.630371 (between atoms 11 and 13)
bonds that rotated more than 30 degrees:
 atom 1 atom 2  angle  previous, current, constraint length
      1      2   52.1    0.2327  66.0990      0.1090
      2      3   90.9    0.1563  30.1363      0.1090
      2      4   32.9    0.1205  37.5764      0.1090
      2      4   32.9    0.1205  37.5764      0.1090
      7      8   90.0    0.1010   0.1320      0.1010
      9     10   45.6    0.1090   0.1090      0.1090
     11     12  134.5    0.2694  14.7672      0.1090
     11     13   93.3    0.1464 183.5157      0.1090
     11     14  110.6    0.1121   5.0424      0.1090
     11     14  110.6    0.1121   5.0424      0.1090
     11     14  110.6    0.1121   5.0424      0.1090
     11     14  110.6    0.1121   5.0424      0.1090
     17     18  176.4    0.1034   1.3710      0.1010
     17     19   68.8    0.2572   1.5350      0.1010
     17     19   68.8    0.2572   1.5350      0.1010
     17     19   68.8    0.2572   1.5350      0.1010
Wrote pdb files with previous and current coordinates

Step 49, time 0.098 (ps)  LINCS WARNING
relative constraint deviation after LINCS:
rms 582.922974, max 1680.027710 (between atoms 11 and 13)
bonds that rotated more than 30 degrees:
 atom 1 atom 2  angle  previous, current, constraint length
      1      2   58.1    0.1601  65.8730      0.1090
      2      3  105.0    0.2386  29.7678      0.1090
      2      4   77.4    0.1970  37.3384      0.1090
      2      4   77.4    0.1970  37.3384      0.1090
      7      8   90.0    0.1320   0.1010      0.1010
      9     10   45.4    0.1090   0.1090      0.1090
     11     12   74.7    0.2818  14.8420      0.1090
     17     18   78.8    0.0965   1.4898      0.1010
     17     19  123.8    0.2538   1.3056      0.1010
     17     19  123.8    0.2538   1.3056      0.1010
     17     19  123.8    0.2538   1.3056      0.1010
Wrote pdb files with previous and current coordinates

Step 50, time 0.1 (ps)  LINCS WARNING
relative constraint deviation after LINCS:
rms 584.146240, max 1682.619629 (between atoms 11 and 13)
bonds that rotated more than 30 degrees:
 atom 1 atom 2  angle  previous, current, constraint length
      1      2   52.1    0.2329  66.0988      0.1090
      2      3   90.9    0.1563  30.1362      0.1090
      2      4   32.9    0.1206  37.5763      0.1090
      2      4   32.9    0.1206  37.5763      0.1090
      7      8   90.0    0.1010   0.1322      0.1010
      9     10   45.4    0.1090   0.1090      0.1090
     11     12  134.6    0.2693  14.7675      0.1090
     11     13   93.3    0.1463 183.5146      0.1090
     11     14  110.6    0.1122   5.0422      0.1090
     11     14  110.6    0.1122   5.0422      0.1090
     11     14  110.6    0.1122   5.0422      0.1090
     11     14  110.6    0.1122   5.0422      0.1090
     17     18  176.4    0.1033   1.3709      0.1010
     17     19   68.8    0.2572   1.5350      0.1010
     17     19   68.8    0.2572   1.5350      0.1010
     17     19   68.8    0.2572   1.5350      0.1010
Wrote pdb files with previous and current coordinates

Step 51, time 0.102 (ps)  LINCS WARNING
relative constraint deviation after LINCS:
rms 582.922241, max 1680.026489 (between atoms 11 and 13)
bonds that rotated more than 30 degrees:
 atom 1 atom 2  angle  previous, current, constraint length
      1      2   58.1    0.1603  65.8728      0.1090
      2      3  105.0    0.2386  29.7677      0.1090
      2      4   77.4    0.1971  37.3382      0.1090
      2      4   77.4    0.1971  37.3382      0.1090
      7      8   90.0    0.1322   0.1010      0.1010
      9     10   45.3    0.1090   0.1090      0.1090
     11     12   74.7    0.2809  14.8420      0.1090
     17     18   78.8    0.0965   1.4898      0.1010
     17     19  123.8    0.2538   1.3056      0.1010
     17     19  123.8    0.2538   1.3056      0.1010
     17     19  123.8    0.2538   1.3056      0.1010
Wrote pdb files with previous and current coordinates

Step 52, time 0.104 (ps)  LINCS WARNING
relative constraint deviation after LINCS:
rms 584.143127, max 1682.609619 (between atoms 11 and 13)
bonds that rotated more than 30 degrees:
 atom 1 atom 2  angle  previous, current, constraint length
      1      2   52.1    0.2331  66.0986      0.1090
      2      3   90.8    0.1563  30.1360      0.1090
      2      4   32.9    0.1208  37.5763      0.1090
      2      4   32.9    0.1208  37.5763      0.1090
      7      8   90.0    0.1010   0.1323      0.1010
      9     10   45.3    0.1090   0.1090      0.1090
     11     12  134.6    0.2692  14.7678      0.1090
     11     13   93.2    0.1461 183.5134      0.1090
     11     14  110.6    0.1122   5.0420      0.1090
     11     14  110.6    0.1122   5.0420      0.1090
     11     14  110.6    0.1122   5.0420      0.1090
     11     14  110.6    0.1122   5.0420      0.1090
     17     18  176.4    0.1033   1.3709      0.1010
     17     19   68.8    0.2572   1.5350      0.1010
     17     19   68.8    0.2572   1.5350      0.1010
     17     19   68.8    0.2572   1.5350      0.1010
Wrote pdb files with previous and current coordinates

Step 53, time 0.106 (ps)  LINCS WARNING
relative constraint deviation after LINCS:
rms 582.921448, max 1680.025024 (between atoms 11 and 13)
bonds that rotated more than 30 degrees:
 atom 1 atom 2  angle  previous, current, constraint length
      1      2   58.0    0.1605  65.8726      0.1090
      2      3  104.9    0.2386  29.7675      0.1090
      2      4   77.4    0.1972  37.3381      0.1090
      2      4   77.4    0.1972  37.3381      0.1090
      7      8   90.0    0.1323   0.1010      0.1010
      9     10   45.2    0.1090   0.1090      0.1090
     11     12   74.7    0.2800  14.8420      0.1090
     17     18   78.7    0.0965   1.4898      0.1010
     17     19  123.8    0.2538   1.3056      0.1010
     17     19  123.8    0.2538   1.3056      0.1010
     17     19  123.8    0.2538   1.3056      0.1010
Wrote pdb files with previous and current coordinates

Step 54, time 0.108 (ps)  LINCS WARNING
relative constraint deviation after LINCS:
rms 584.140015, max 1682.599854 (between atoms 11 and 13)
bonds that rotated more than 30 degrees:
 atom 1 atom 2  angle  previous, current, constraint length
      1      2   52.0    0.2333  66.0984      0.1090
      2      3   90.8    0.1563  30.1359      0.1090
      2      4   32.8    0.1210  37.5762      0.1090
      2      4   32.8    0.1210  37.5762      0.1090
      7      8   90.0    0.1010   0.1324      0.1010
      9     10   45.2    0.1090   0.1090      0.1090
     11     12  134.6    0.2691  14.7681      0.1090
     11     13   93.2    0.1460 183.5124      0.1090
     11     14  110.6    0.1123   5.0418      0.1090
     11     14  110.6    0.1123   5.0418      0.1090
     11     14  110.6    0.1123   5.0418      0.1090
     11     14  110.6    0.1123   5.0418      0.1090
     17     18  176.4    0.1033   1.3708      0.1010
     17     19   68.8    0.2572   1.5350      0.1010
     17     19   68.8    0.2572   1.5350      0.1010
     17     19   68.8    0.2572   1.5350      0.1010
Wrote pdb files with previous and current coordinates

Step 55, time 0.11 (ps)  LINCS WARNING
relative constraint deviation after LINCS:
rms 582.920776, max 1680.024048 (between atoms 11 and 13)
bonds that rotated more than 30 degrees:
 atom 1 atom 2  angle  previous, current, constraint length
      1      2   58.0    0.1607  65.8723      0.1090
      2      3  104.9    0.2385  29.7674      0.1090
      2      4   77.4    0.1972  37.3379      0.1090
      2      4   77.4    0.1972  37.3379      0.1090
      7      8   90.0    0.1324   0.1010      0.1010
      9     10   45.0    0.1090   0.1090      0.1090
     11     12   74.7    0.2791  14.8419      0.1090
     17     18   78.7    0.0965   1.4898      0.1010
     17     19  123.7    0.2538   1.3056      0.1010
     17     19  123.7    0.2538   1.3056      0.1010
     17     19  123.7    0.2538   1.3056      0.1010
Wrote pdb files with previous and current coordinates

Step 56, time 0.112 (ps)  LINCS WARNING
relative constraint deviation after LINCS:
rms 584.137085, max 1682.590454 (between atoms 11 and 13)
bonds that rotated more than 30 degrees:
 atom 1 atom 2  angle  previous, current, constraint length
      1      2   52.0    0.2335  66.0982      0.1090
      2      3   90.7    0.1562  30.1357      0.1090
      2      4   32.8    0.1211  37.5761      0.1090
      2      4   32.8    0.1211  37.5761      0.1090
      7      8   90.0    0.1010   0.1324      0.1010
      9     10   45.0    0.1090   0.1090      0.1090
     11     12  134.6    0.2690  14.7683      0.1090
     11     13   93.1    0.1459 183.5114      0.1090
     11     14  110.6    0.1123   5.0416      0.1090
     11     14  110.6    0.1123   5.0416      0.1090
     11     14  110.6    0.1123   5.0416      0.1090
     11     14  110.6    0.1123   5.0416      0.1090
     17     18  176.4    0.1033   1.3707      0.1010
     17     19   68.8    0.2572   1.5349      0.1010
     17     19   68.8    0.2572   1.5349      0.1010
     17     19   68.8    0.2572   1.5349      0.1010
Wrote pdb files with previous and current coordinates

Step 57, time 0.114 (ps)  LINCS WARNING
relative constraint deviation after LINCS:
rms 582.920044, max 1680.022705 (between atoms 11 and 13)
bonds that rotated more than 30 degrees:
 atom 1 atom 2  angle  previous, current, constraint length
      1      2   57.9    0.1608  65.8721      0.1090
      2      3  104.9    0.2385  29.7672      0.1090
      2      4   77.3    0.1973  37.3377      0.1090
      2      4   77.3    0.1973  37.3377      0.1090
      7      8   90.0    0.1324   0.1010      0.1010
      9     10   44.9    0.1090   0.1090      0.1090
     11     12   74.7    0.2783  14.8419      0.1090
     17     18   78.7    0.0965   1.4898      0.1010
     17     19  123.7    0.2538   1.3056      0.1010
     17     19  123.7    0.2538   1.3056      0.1010
     17     19  123.7    0.2538   1.3056      0.1010
Wrote pdb files with previous and current coordinates

Step 58, time 0.116 (ps)  LINCS WARNING
relative constraint deviation after LINCS:
rms 584.134216, max 1682.581421 (between atoms 11 and 13)
bonds that rotated more than 30 degrees:
 atom 1 atom 2  angle  previous, current, constraint length
      1      2   52.0    0.2337  66.0980      0.1090
      2      3   90.7    0.1562  30.1356      0.1090
      2      4   32.8    0.1213  37.5761      0.1090
      2      4   32.8    0.1213  37.5761      0.1090
      7      8   90.0    0.1010   0.1325      0.1010
      9     10   44.9    0.1090   0.1090      0.1090
     11     12  134.6    0.2689  14.7685      0.1090
     11     13   93.1    0.1458 183.5104      0.1090
     11     14  110.6    0.1124   5.0415      0.1090
     11     14  110.6    0.1124   5.0415      0.1090
     11     14  110.6    0.1124   5.0415      0.1090
     11     14  110.6    0.1124   5.0415      0.1090
     17     18  176.4    0.1033   1.3707      0.1010
     17     19   68.8    0.2572   1.5349      0.1010
     17     19   68.8    0.2572   1.5349      0.1010
     17     19   68.8    0.2572   1.5349      0.1010
Wrote pdb files with previous and current coordinates

Step 59, time 0.118 (ps)  LINCS WARNING
relative constraint deviation after LINCS:
rms 582.919434, max 1680.021606 (between atoms 11 and 13)
bonds that rotated more than 30 degrees:
 atom 1 atom 2  angle  previous, current, constraint length
      1      2   57.9    0.1610  65.8719      0.1090
      2      3  104.8    0.2385  29.7671      0.1090
      2      4   77.3    0.1973  37.3376      0.1090
      2      4   77.3    0.1973  37.3376      0.1090
      7      8   90.0    0.1325   0.1010      0.1010
      9     10   44.9    0.1090   0.1090      0.1090
     11     12   74.7    0.2775  14.8419      0.1090
     17     18   78.6    0.0965   1.4898      0.1010
     17     19  123.7    0.2539   1.3056      0.1010
     17     19  123.7    0.2539   1.3056      0.1010
     17     19  123.7    0.2539   1.3056      0.1010
Wrote pdb files with previous and current coordinates

Step 60, time 0.12 (ps)  LINCS WARNING
relative constraint deviation after LINCS:
rms 584.131531, max 1682.572876 (between atoms 11 and 13)
bonds that rotated more than 30 degrees:
 atom 1 atom 2  angle  previous, current, constraint length
      1      2   51.9    0.2339  66.0978      0.1090
      2      3   90.6    0.1562  30.1354      0.1090
      2      4   32.7    0.1214  37.5760      0.1090
      2      4   32.7    0.1214  37.5760      0.1090
      7      8   90.0    0.1010   0.1326      0.1010
      9     10   44.9    0.1090   0.1090      0.1090
     11     12  134.6    0.2688  14.7688      0.1090
     11     13   93.0    0.1457 183.5094      0.1090
     11     14  110.6    0.1124   5.0413      0.1090
     11     14  110.6    0.1124   5.0413      0.1090
     11     14  110.6    0.1124   5.0413      0.1090
     11     14  110.6    0.1124   5.0413      0.1090
     17     18  176.4    0.1033   1.3706      0.1010
     17     19   68.8    0.2572   1.5349      0.1010
     17     19   68.8    0.2572   1.5349      0.1010
     17     19   68.8    0.2572   1.5349      0.1010
Wrote pdb files with previous and current coordinates

Step 61, time 0.122 (ps)  LINCS WARNING
relative constraint deviation after LINCS:
rms 582.918701, max 1680.020386 (between atoms 11 and 13)
bonds that rotated more than 30 degrees:
 atom 1 atom 2  angle  previous, current, constraint length
      1      2   57.8    0.1611  65.8717      0.1090
      2      3  104.8    0.2385  29.7670      0.1090
      2      4   77.3    0.1974  37.3374      0.1090
      2      4   77.3    0.1974  37.3374      0.1090
      7      8   90.0    0.1326   0.1010      0.1010
      9     10   44.8    0.1090   0.1090      0.1090
     11     12   74.7    0.2767  14.8418      0.1090
     17     18   78.6    0.0965   1.4898      0.1010
     17     19  123.7    0.2539   1.3056      0.1010
     17     19  123.7    0.2539   1.3056      0.1010
     17     19  123.7    0.2539   1.3056      0.1010
Wrote pdb files with previous and current coordinates

Step 62, time 0.124 (ps)  LINCS WARNING
relative constraint deviation after LINCS:
rms 584.128967, max 1682.564697 (between atoms 11 and 13)
bonds that rotated more than 30 degrees:
 atom 1 atom 2  angle  previous, current, constraint length
      1      2   51.9    0.2341  66.0976      0.1090
      2      3   90.6    0.1562  30.1353      0.1090
      2      4   32.7    0.1216  37.5760      0.1090
      2      4   32.7    0.1216  37.5760      0.1090
      7      8   90.0    0.1010   0.1327      0.1010
      9     10   44.8    0.1090   0.1090      0.1090
     11     12  134.6    0.2687  14.7690      0.1090
     11     13   93.0    0.1456 183.5085      0.1090
     11     14  110.6    0.1124   5.0412      0.1090
     11     14  110.6    0.1124   5.0412      0.1090
     11     14  110.6    0.1124   5.0412      0.1090
     11     14  110.6    0.1124   5.0412      0.1090
     17     18  176.4    0.1033   1.3706      0.1010
     17     19   68.8    0.2572   1.5349      0.1010
     17     19   68.8    0.2572   1.5349      0.1010
     17     19   68.8    0.2572   1.5349      0.1010
Wrote pdb files with previous and current coordinates

Step 63, time 0.126 (ps)  LINCS WARNING
relative constraint deviation after LINCS:
rms 582.918030, max 1680.019165 (between atoms 11 and 13)
bonds that rotated more than 30 degrees:
 atom 1 atom 2  angle  previous, current, constraint length
      1      2   57.8    0.1613  65.8715      0.1090
      2      3  104.8    0.2384  29.7669      0.1090
      2      4   77.3    0.1974  37.3373      0.1090
      2      4   77.3    0.1974  37.3373      0.1090
      7      8   90.0    0.1327   0.1010      0.1010
      9     10   44.7    0.1090   0.1090      0.1090
     11     12   74.7    0.2760  14.8418      0.1090
     17     18   78.6    0.0965   1.4898      0.1010
     17     19  123.7    0.2539   1.3056      0.1010
     17     19  123.7    0.2539   1.3056      0.1010
     17     19  123.7    0.2539   1.3056      0.1010
Wrote pdb files with previous and current coordinates

Step 64, time 0.128 (ps)  LINCS WARNING
relative constraint deviation after LINCS:
rms 584.126404, max 1682.556641 (between atoms 11 and 13)
bonds that rotated more than 30 degrees:
 atom 1 atom 2  angle  previous, current, constraint length
      1      2   51.9    0.2342  66.0974      0.1090
      2      3   90.5    0.1562  30.1352      0.1090
      2      4   32.7    0.1217  37.5759      0.1090
      2      4   32.7    0.1217  37.5759      0.1090
      7      8   90.0    0.1010   0.1328      0.1010
      9     10   44.7    0.1090   0.1090      0.1090
     11     12  134.6    0.2686  14.7692      0.1090
     11     13   92.9    0.1455 183.5077      0.1090
     11     14  110.6    0.1125   5.0410      0.1090
     11     14  110.6    0.1125   5.0410      0.1090
     11     14  110.6    0.1125   5.0410      0.1090
     11     14  110.6    0.1125   5.0410      0.1090
     17     18  176.4    0.1033   1.3705      0.1010
     17     19   68.8    0.2572   1.5349      0.1010
     17     19   68.8    0.2572   1.5349      0.1010
     17     19   68.8    0.2572   1.5349      0.1010
Wrote pdb files with previous and current coordinates

Step 65, time 0.13 (ps)  LINCS WARNING
relative constraint deviation after LINCS:
rms 582.917358, max 1680.017822 (between atoms 11 and 13)
bonds that rotated more than 30 degrees:
 atom 1 atom 2  angle  previous, current, constraint length
      1      2   57.7    0.1614  65.8714      0.1090
      2      3  104.7    0.2384  29.7668      0.1090
      2      4   77.3    0.1975  37.3371      0.1090
      2      4   77.3    0.1975  37.3371      0.1090
      7      8   90.0    0.1328   0.1010      0.1010
      9     10   44.7    0.1090   0.1090      0.1090
     11     12   74.7    0.2753  14.8418      0.1090
     17     18   78.5    0.0965   1.4898      0.1010
     17     19  123.7    0.2539   1.3056      0.1010
     17     19  123.7    0.2539   1.3056      0.1010
     17     19  123.7    0.2539   1.3056      0.1010
Wrote pdb files with previous and current coordinates

Step 66, time 0.132 (ps)  LINCS WARNING
relative constraint deviation after LINCS:
rms 584.124084, max 1682.549316 (between atoms 11 and 13)
bonds that rotated more than 30 degrees:
 atom 1 atom 2  angle  previous, current, constraint length
      1      2   51.9    0.2344  66.0973      0.1090
      2      3   90.5    0.1562  30.1350      0.1090
      2      4   32.7    0.1218  37.5758      0.1090
      2      4   32.7    0.1218  37.5758      0.1090
      7      8   90.0    0.1010   0.1329      0.1010
      9     10   44.7    0.1090   0.1090      0.1090
     11     12  134.6    0.2686  14.7694      0.1090
     11     13   92.9    0.1455 183.5069      0.1090
     11     14  110.6    0.1125   5.0409      0.1090
     11     14  110.6    0.1125   5.0409      0.1090
     11     14  110.6    0.1125   5.0409      0.1090
     11     14  110.6    0.1125   5.0409      0.1090
     17     18  176.4    0.1033   1.3705      0.1010
     17     19   68.8    0.2572   1.5349      0.1010
     17     19   68.8    0.2572   1.5349      0.1010
     17     19   68.8    0.2572   1.5349      0.1010
Wrote pdb files with previous and current coordinates

Step 67, time 0.134 (ps)  LINCS WARNING
relative constraint deviation after LINCS:
rms 582.916626, max 1680.016357 (between atoms 11 and 13)
bonds that rotated more than 30 degrees:
 atom 1 atom 2  angle  previous, current, constraint length
      1      2   57.7    0.1616  65.8712      0.1090
      2      3  104.7    0.2384  29.7666      0.1090
      2      4   77.3    0.1975  37.3370      0.1090
      2      4   77.3    0.1975  37.3370      0.1090
      7      8   90.0    0.1329   0.1010      0.1010
      9     10   44.6    0.1090   0.1090      0.1090
     11     12   74.7    0.2746  14.8417      0.1090
     17     18   78.5    0.0965   1.4898      0.1010
     17     19  123.7    0.2539   1.3056      0.1010
     17     19  123.7    0.2539   1.3056      0.1010
     17     19  123.7    0.2539   1.3056      0.1010
Wrote pdb files with previous and current coordinates

Step 68, time 0.136 (ps)  LINCS WARNING
relative constraint deviation after LINCS:
rms 584.121826, max 1682.542114 (between atoms 11 and 13)
bonds that rotated more than 30 degrees:
 atom 1 atom 2  angle  previous, current, constraint length
      1      2   51.8    0.2346  66.0971      0.1090
      2      3   90.4    0.1561  30.1349      0.1090
      2      4   32.6    0.1220  37.5758      0.1090
      2      4   32.6    0.1220  37.5758      0.1090
      7      8   90.0    0.1010   0.1330      0.1010
      9     10   44.6    0.1090   0.1090      0.1090
     11     12  134.6    0.2685  14.7696      0.1090
     11     13   92.8    0.1454 183.5061      0.1090
     11     14  110.6    0.1125   5.0408      0.1090
     11     14  110.6    0.1125   5.0408      0.1090
     11     14  110.6    0.1125   5.0408      0.1090
     11     14  110.6    0.1125   5.0408      0.1090
     17     18  176.4    0.1033   1.3704      0.1010
     17     19   68.8    0.2572   1.5349      0.1010
     17     19   68.8    0.2572   1.5349      0.1010
     17     19   68.8    0.2572   1.5349      0.1010
Wrote pdb files with previous and current coordinates

Step 69, time 0.138 (ps)  LINCS WARNING
relative constraint deviation after LINCS:
rms 582.915894, max 1680.014893 (between atoms 11 and 13)
bonds that rotated more than 30 degrees:
 atom 1 atom 2  angle  previous, current, constraint length
      1      2   57.7    0.1617  65.8710      0.1090
      2      3  104.7    0.2384  29.7665      0.1090
      2      4   77.3    0.1976  37.3369      0.1090
      2      4   77.3    0.1976  37.3369      0.1090
      7      8   90.0    0.1330   0.1010      0.1010
      9     10   44.6    0.1090   0.1090      0.1090
     11     12   74.7    0.2739  14.8417      0.1090
     17     18   78.5    0.0965   1.4898      0.1010
     17     19  123.7    0.2539   1.3056      0.1010
     17     19  123.7    0.2539   1.3056      0.1010
     17     19  123.7    0.2539   1.3056      0.1010

-------------------------------------------------------
Program:     gmx mdrun, version 2020.1-Ubuntu-2020.1-1
Source file: src/gromacs/mdlib/constr.cpp (line 224)

Fatal error:
Too many LINCS warnings (1001)
If you know what you are doing you can adjust the lincs warning threshold in
your mdp file
or set the environment variable GMX_MAXCONSTRWARN to -1,
but normally it is better to fix the problem

For more information and tips for troubleshooting, please check the GROMACS
website at http://www.gromacs.org/Documentation/Errors
-------------------------------------------------------
